[21:47:51] [ServerMain/INFO]: Environment: Environment[sessionHost=https://sessionserver.mojang.com, servicesHost=https://api.minecraftservices.com, name=PROD]
[21:47:54] [ServerMain/INFO]: Loaded 1337 recipes
[21:47:54] [ServerMain/INFO]: Loaded 1448 advancements
[21:47:54] [Server thread/INFO]: Starting minecraft server version 1.21.3
[21:47:54] [Server thread/INFO]: Loading properties
[21:47:54] [Server thread/INFO]: Default game type: SURVIVAL
[21:47:54] [Server thread/INFO]: Generating keypair
[21:47:54] [Server thread/INFO]: Starting Minecraft server on *:25565
[21:47:54] [Server thread/INFO]: Using epoll channel type
[21:47:54] [Server thread/WARN]: **** SERVER IS RUNNING IN OFFLINE/INSECURE MODE!
[21:47:54] [Server thread/WARN]: The server will make no attempt to authenticate usernames. Beware.
[21:47:54] [Server thread/WARN]: While this makes the game possible to play without internet access, it also opens up the ability for hackers to connect with any username they choose.
[21:47:54] [Server thread/WARN]: To change this, set "online-mode" to "true" in the server.properties file.
[21:47:54] [Server thread/INFO]: Preparing level "world"
[21:47:55] [Server thread/INFO]: Preparing start region for dimension minecraft:overworld
[21:47:59] [Worker-Main-1/INFO]: Preparing spawn area: 0%
[21:47:59] [Worker-Main-1/INFO]: Preparing spawn area: 0%
[21:47:59] [Worker-Main-1/INFO]: Preparing spawn area: 0%
[21:47:59] [Worker-Main-1/INFO]: Preparing spawn area: 0%
[21:47:59] [Worker-Main-1/INFO]: Preparing spawn area: 0%
[21:47:59] [Worker-Main-1/INFO]: Preparing spawn area: 0%
[21:47:59] [Worker-Main-1/INFO]: Preparing spawn area: 0%
[21:47:59] [Worker-Main-1/INFO]: Preparing spawn area: 0%
[21:47:59] [Worker-Main-1/INFO]: Preparing spawn area: 0%
[21:47:59] [Worker-Main-1/INFO]: Preparing spawn area: 8%
[21:47:59] [Server thread/INFO]: Time elapsed: 4938 ms
[21:47:59] [Server thread/INFO]: Done (5.291s)! For help, type "help"
[21:48:59] [Server thread/INFO]: Server empty for 60 seconds, pausing
[21:50:16] [Server thread/INFO]: Cronos342[/[0:0:0:0:0:0:0:1%0]:32786] logged in with entity id 9 at (843.4007851075283, 71.5625, 931.2555316963897)
[21:50:16] [Server thread/INFO]: Cronos342 joined the game
[21:51:20] [Server thread/INFO]: Jowineta[/[0:0:0:0:0:0:0:1%0]:51284] logged in with entity id 352 at (840.8731636018666, 72.0, 930.4237815576568)
[21:51:20] [Server thread/INFO]: Jowineta joined the game
[21:53:04] [Server thread/INFO]: Cronos342 has made the advancement [What a Deal!]
[21:57:35] [Server thread/INFO]: Jowineta lost connection: Timed out
[21:57:35] [Server thread/INFO]: Jowineta left the game
[21:57:35] [Server thread/WARN]: handleDisconnection() called twice
[21:57:47] [Server thread/INFO]: Cronos342 lost connection: Timed out
[21:57:47] [Server thread/INFO]: Cronos342 left the game
[21:58:47] [Server thread/INFO]: Server empty for 60 seconds, pausing
